/var/www/html/proser_base/updates/app.js:1
(function (exports, require, module, __filename, __dirname) { import { updateMainCdr } from './updates/cdr/update_cdr_main';
                                                                     ^

SyntaxError: Unexpected token {
    at new Script (vm.js:79:7)
    at createScript (vm.js:251:10)
    at Object.runInThisContext (vm.js:303:10)
    at Module._compile (internal/modules/cjs/loader.js:657:28)
    at Object.Module._extensions..js (internal/modules/cjs/loader.js:700:10)
    at Module.load (internal/modules/cjs/loader.js:599:32)
    at tryModuleLoad (internal/modules/cjs/loader.js:538:12)
    at Function.Module._load (internal/modules/cjs/loader.js:530:3)
    at Function._load (/root/.nvm/versions/node/v10.15.1/lib/node_modules/pm2/node_modules/@pm2/io/build/main/metrics/httpMetrics.js:172:43)
    at Object.<anonymous> (/root/.nvm/versions/node/v10.15.1/lib/node_modules/pm2/lib/ProcessContainerFork.js:27:21)
/var/www/html/proser_base/updates/app.js:1
(function (exports, require, module, __filename, __dirname) { import { updateMainCdr } from './updates/cdr/update_cdr_main';
                                                                     ^

SyntaxError: Unexpected token {
    at new Script (vm.js:79:7)
    at createScript (vm.js:251:10)
    at Object.runInThisContext (vm.js:303:10)
    at Module._compile (internal/modules/cjs/loader.js:657:28)
    at Object.Module._extensions..js (internal/modules/cjs/loader.js:700:10)
    at Module.load (internal/modules/cjs/loader.js:599:32)
    at tryModuleLoad (internal/modules/cjs/loader.js:538:12)
    at Function.Module._load (internal/modules/cjs/loader.js:530:3)
    at Function._load (/root/.nvm/versions/node/v10.15.1/lib/node_modules/pm2/node_modules/@pm2/io/build/main/metrics/httpMetrics.js:172:43)
    at Object.<anonymous> (/root/.nvm/versions/node/v10.15.1/lib/node_modules/pm2/lib/ProcessContainerFork.js:27:21)
/var/www/html/proser_base/updates/app.js:1
(function (exports, require, module, __filename, __dirname) { import { updateMainCdr } from './updates/cdr/update_cdr_main';
                                                                     ^

SyntaxError: Unexpected token {
    at new Script (vm.js:79:7)
    at createScript (vm.js:251:10)
    at Object.runInThisContext (vm.js:303:10)
    at Module._compile (internal/modules/cjs/loader.js:657:28)
    at Object.Module._extensions..js (internal/modules/cjs/loader.js:700:10)
    at Module.load (internal/modules/cjs/loader.js:599:32)
    at tryModuleLoad (internal/modules/cjs/loader.js:538:12)
    at Function.Module._load (internal/modules/cjs/loader.js:530:3)
    at Function._load (/root/.nvm/versions/node/v10.15.1/lib/node_modules/pm2/node_modules/@pm2/io/build/main/metrics/httpMetrics.js:172:43)
    at Object.<anonymous> (/root/.nvm/versions/node/v10.15.1/lib/node_modules/pm2/lib/ProcessContainerFork.js:27:21)
/var/www/html/proser_base/updates/app.js:1
(function (exports, require, module, __filename, __dirname) { import { updateMainCdr } from './updates/cdr/update_cdr_main';
                                                                     ^

SyntaxError: Unexpected token {
    at new Script (vm.js:79:7)
    at createScript (vm.js:251:10)
    at Object.runInThisContext (vm.js:303:10)
    at Module._compile (internal/modules/cjs/loader.js:657:28)
    at Object.Module._extensions..js (internal/modules/cjs/loader.js:700:10)
    at Module.load (internal/modules/cjs/loader.js:599:32)
    at tryModuleLoad (internal/modules/cjs/loader.js:538:12)
    at Function.Module._load (internal/modules/cjs/loader.js:530:3)
    at Function._load (/root/.nvm/versions/node/v10.15.1/lib/node_modules/pm2/node_modules/@pm2/io/build/main/metrics/httpMetrics.js:172:43)
    at Object.<anonymous> (/root/.nvm/versions/node/v10.15.1/lib/node_modules/pm2/lib/ProcessContainerFork.js:27:21)
/var/www/html/proser_base/updates/app.js:1
(function (exports, require, module, __filename, __dirname) { import { updateMainCdr } from './updates/cdr/update_cdr_main';
                                                                     ^

SyntaxError: Unexpected token {
    at new Script (vm.js:79:7)
    at createScript (vm.js:251:10)
    at Object.runInThisContext (vm.js:303:10)
    at Module._compile (internal/modules/cjs/loader.js:657:28)
    at Object.Module._extensions..js (internal/modules/cjs/loader.js:700:10)
    at Module.load (internal/modules/cjs/loader.js:599:32)
    at tryModuleLoad (internal/modules/cjs/loader.js:538:12)
    at Function.Module._load (internal/modules/cjs/loader.js:530:3)
    at Function._load (/root/.nvm/versions/node/v10.15.1/lib/node_modules/pm2/node_modules/@pm2/io/build/main/metrics/httpMetrics.js:172:43)
    at Object.<anonymous> (/root/.nvm/versions/node/v10.15.1/lib/node_modules/pm2/lib/ProcessContainerFork.js:27:21)
/var/www/html/proser_base/updates/app.js:1
(function (exports, require, module, __filename, __dirname) { import { updateMainCdr } from './updates/cdr/update_cdr_main';
                                                                     ^

SyntaxError: Unexpected token {
    at new Script (vm.js:79:7)
    at createScript (vm.js:251:10)
    at Object.runInThisContext (vm.js:303:10)
    at Module._compile (internal/modules/cjs/loader.js:657:28)
    at Object.Module._extensions..js (internal/modules/cjs/loader.js:700:10)
    at Module.load (internal/modules/cjs/loader.js:599:32)
    at tryModuleLoad (internal/modules/cjs/loader.js:538:12)
    at Function.Module._load (internal/modules/cjs/loader.js:530:3)
    at Function._load (/root/.nvm/versions/node/v10.15.1/lib/node_modules/pm2/node_modules/@pm2/io/build/main/metrics/httpMetrics.js:172:43)
    at Object.<anonymous> (/root/.nvm/versions/node/v10.15.1/lib/node_modules/pm2/lib/ProcessContainerFork.js:27:21)
/var/www/html/proser_base/updates/app.js:1
(function (exports, require, module, __filename, __dirname) { import { updateMainCdr } from './updates/cdr/update_cdr_main';
                                                                     ^

SyntaxError: Unexpected token {
    at new Script (vm.js:79:7)
    at createScript (vm.js:251:10)
    at Object.runInThisContext (vm.js:303:10)
    at Module._compile (internal/modules/cjs/loader.js:657:28)
    at Object.Module._extensions..js (internal/modules/cjs/loader.js:700:10)
    at Module.load (internal/modules/cjs/loader.js:599:32)
    at tryModuleLoad (internal/modules/cjs/loader.js:538:12)
    at Function.Module._load (internal/modules/cjs/loader.js:530:3)
    at Function._load (/root/.nvm/versions/node/v10.15.1/lib/node_modules/pm2/node_modules/@pm2/io/build/main/metrics/httpMetrics.js:172:43)
    at Object.<anonymous> (/root/.nvm/versions/node/v10.15.1/lib/node_modules/pm2/lib/ProcessContainerFork.js:27:21)
/var/www/html/proser_base/updates/app.js:1
(function (exports, require, module, __filename, __dirname) { import { updateMainCdr } from './updates/cdr/update_cdr_main';
                                                                     ^

SyntaxError: Unexpected token {
    at new Script (vm.js:79:7)
    at createScript (vm.js:251:10)
    at Object.runInThisContext (vm.js:303:10)
    at Module._compile (internal/modules/cjs/loader.js:657:28)
    at Object.Module._extensions..js (internal/modules/cjs/loader.js:700:10)
    at Module.load (internal/modules/cjs/loader.js:599:32)
    at tryModuleLoad (internal/modules/cjs/loader.js:538:12)
    at Function.Module._load (internal/modules/cjs/loader.js:530:3)
    at Function._load (/root/.nvm/versions/node/v10.15.1/lib/node_modules/pm2/node_modules/@pm2/io/build/main/metrics/httpMetrics.js:172:43)
    at Object.<anonymous> (/root/.nvm/versions/node/v10.15.1/lib/node_modules/pm2/lib/ProcessContainerFork.js:27:21)
/var/www/html/proser_base/updates/app.js:1
(function (exports, require, module, __filename, __dirname) { import { updateMainCdr } from './updates/cdr/update_cdr_main';
                                                                     ^

SyntaxError: Unexpected token {
    at new Script (vm.js:79:7)
    at createScript (vm.js:251:10)
    at Object.runInThisContext (vm.js:303:10)
    at Module._compile (internal/modules/cjs/loader.js:657:28)
    at Object.Module._extensions..js (internal/modules/cjs/loader.js:700:10)
    at Module.load (internal/modules/cjs/loader.js:599:32)
    at tryModuleLoad (internal/modules/cjs/loader.js:538:12)
    at Function.Module._load (internal/modules/cjs/loader.js:530:3)
    at Function._load (/root/.nvm/versions/node/v10.15.1/lib/node_modules/pm2/node_modules/@pm2/io/build/main/metrics/httpMetrics.js:172:43)
    at Object.<anonymous> (/root/.nvm/versions/node/v10.15.1/lib/node_modules/pm2/lib/ProcessContainerFork.js:27:21)
/var/www/html/proser_base/updates/app.js:1
(function (exports, require, module, __filename, __dirname) { import { updateMainCdr } from './updates/cdr/update_cdr_main';
                                                                     ^

SyntaxError: Unexpected token {
    at new Script (vm.js:79:7)
    at createScript (vm.js:251:10)
    at Object.runInThisContext (vm.js:303:10)
    at Module._compile (internal/modules/cjs/loader.js:657:28)
    at Object.Module._extensions..js (internal/modules/cjs/loader.js:700:10)
    at Module.load (internal/modules/cjs/loader.js:599:32)
    at tryModuleLoad (internal/modules/cjs/loader.js:538:12)
    at Function.Module._load (internal/modules/cjs/loader.js:530:3)
    at Function._load (/root/.nvm/versions/node/v10.15.1/lib/node_modules/pm2/node_modules/@pm2/io/build/main/metrics/httpMetrics.js:172:43)
    at Object.<anonymous> (/root/.nvm/versions/node/v10.15.1/lib/node_modules/pm2/lib/ProcessContainerFork.js:27:21)
/var/www/html/proser_base/updates/app.js:1
(function (exports, require, module, __filename, __dirname) { import { updateMainCdr } from './updates/cdr/update_cdr_main';
                                                                     ^

SyntaxError: Unexpected token {
    at new Script (vm.js:79:7)
    at createScript (vm.js:251:10)
    at Object.runInThisContext (vm.js:303:10)
    at Module._compile (internal/modules/cjs/loader.js:657:28)
    at Object.Module._extensions..js (internal/modules/cjs/loader.js:700:10)
    at Module.load (internal/modules/cjs/loader.js:599:32)
    at tryModuleLoad (internal/modules/cjs/loader.js:538:12)
    at Function.Module._load (internal/modules/cjs/loader.js:530:3)
    at Function._load (/root/.nvm/versions/node/v10.15.1/lib/node_modules/pm2/node_modules/@pm2/io/build/main/metrics/httpMetrics.js:172:43)
    at Object.<anonymous> (/root/.nvm/versions/node/v10.15.1/lib/node_modules/pm2/lib/ProcessContainerFork.js:27:21)
/var/www/html/proser_base/updates/app.js:1
(function (exports, require, module, __filename, __dirname) { import { updateMainCdr } from './updates/cdr/update_cdr_main';
                                                                     ^

SyntaxError: Unexpected token {
    at new Script (vm.js:79:7)
    at createScript (vm.js:251:10)
    at Object.runInThisContext (vm.js:303:10)
    at Module._compile (internal/modules/cjs/loader.js:657:28)
    at Object.Module._extensions..js (internal/modules/cjs/loader.js:700:10)
    at Module.load (internal/modules/cjs/loader.js:599:32)
    at tryModuleLoad (internal/modules/cjs/loader.js:538:12)
    at Function.Module._load (internal/modules/cjs/loader.js:530:3)
    at Function._load (/root/.nvm/versions/node/v10.15.1/lib/node_modules/pm2/node_modules/@pm2/io/build/main/metrics/httpMetrics.js:172:43)
    at Object.<anonymous> (/root/.nvm/versions/node/v10.15.1/lib/node_modules/pm2/lib/ProcessContainerFork.js:27:21)
/var/www/html/proser_base/updates/app.js:1
(function (exports, require, module, __filename, __dirname) { import { updateMainCdr } from './updates/cdr/update_cdr_main';
                                                                     ^

SyntaxError: Unexpected token {
    at new Script (vm.js:79:7)
    at createScript (vm.js:251:10)
    at Object.runInThisContext (vm.js:303:10)
    at Module._compile (internal/modules/cjs/loader.js:657:28)
    at Object.Module._extensions..js (internal/modules/cjs/loader.js:700:10)
    at Module.load (internal/modules/cjs/loader.js:599:32)
    at tryModuleLoad (internal/modules/cjs/loader.js:538:12)
    at Function.Module._load (internal/modules/cjs/loader.js:530:3)
    at Function._load (/root/.nvm/versions/node/v10.15.1/lib/node_modules/pm2/node_modules/@pm2/io/build/main/metrics/httpMetrics.js:172:43)
    at Object.<anonymous> (/root/.nvm/versions/node/v10.15.1/lib/node_modules/pm2/lib/ProcessContainerFork.js:27:21)
/var/www/html/proser_base/updates/app.js:1
(function (exports, require, module, __filename, __dirname) { import { updateMainCdr } from './updates/cdr/update_cdr_main';
                                                                     ^

SyntaxError: Unexpected token {
    at new Script (vm.js:79:7)
    at createScript (vm.js:251:10)
    at Object.runInThisContext (vm.js:303:10)
    at Module._compile (internal/modules/cjs/loader.js:657:28)
    at Object.Module._extensions..js (internal/modules/cjs/loader.js:700:10)
    at Module.load (internal/modules/cjs/loader.js:599:32)
    at tryModuleLoad (internal/modules/cjs/loader.js:538:12)
    at Function.Module._load (internal/modules/cjs/loader.js:530:3)
    at Function._load (/root/.nvm/versions/node/v10.15.1/lib/node_modules/pm2/node_modules/@pm2/io/build/main/metrics/httpMetrics.js:172:43)
    at Object.<anonymous> (/root/.nvm/versions/node/v10.15.1/lib/node_modules/pm2/lib/ProcessContainerFork.js:27:21)
/var/www/html/proser_base/updates/app.js:1
(function (exports, require, module, __filename, __dirname) { import { updateMainCdr } from './updates/cdr/update_cdr_main';
                                                                     ^

SyntaxError: Unexpected token {
    at new Script (vm.js:79:7)
    at createScript (vm.js:251:10)
    at Object.runInThisContext (vm.js:303:10)
    at Module._compile (internal/modules/cjs/loader.js:657:28)
    at Object.Module._extensions..js (internal/modules/cjs/loader.js:700:10)
    at Module.load (internal/modules/cjs/loader.js:599:32)
    at tryModuleLoad (internal/modules/cjs/loader.js:538:12)
    at Function.Module._load (internal/modules/cjs/loader.js:530:3)
    at Function._load (/root/.nvm/versions/node/v10.15.1/lib/node_modules/pm2/node_modules/@pm2/io/build/main/metrics/httpMetrics.js:172:43)
    at Object.<anonymous> (/root/.nvm/versions/node/v10.15.1/lib/node_modules/pm2/lib/ProcessContainerFork.js:27:21)
/var/www/html/proser_base/updates/app.js:1
(function (exports, require, module, __filename, __dirname) { import { updateMainCdr } from './updates/cdr/update_cdr_main';
                                                                     ^

SyntaxError: Unexpected token {
    at new Script (vm.js:79:7)
    at createScript (vm.js:251:10)
    at Object.runInThisContext (vm.js:303:10)
    at Module._compile (internal/modules/cjs/loader.js:657:28)
    at Object.Module._extensions..js (internal/modules/cjs/loader.js:700:10)
    at Module.load (internal/modules/cjs/loader.js:599:32)
    at tryModuleLoad (internal/modules/cjs/loader.js:538:12)
    at Function.Module._load (internal/modules/cjs/loader.js:530:3)
    at Function._load (/root/.nvm/versions/node/v10.15.1/lib/node_modules/pm2/node_modules/@pm2/io/build/main/metrics/httpMetrics.js:172:43)
    at Object.<anonymous> (/root/.nvm/versions/node/v10.15.1/lib/node_modules/pm2/lib/ProcessContainerFork.js:27:21)
